18:02:27 **** Build of configuration Release for project ArduinoDevice ****
make all 
Building file: ../WiredDevice/WiredDevice.cpp
Invoking: AVR C++ Compiler
avr-g++ -std=c++11 -I"/work/opensource/personal/microcontroller/arduino/core/ArduinoCore" -I"/work/opensource/personal/microcontroller/arduino/core/ArduinoCore/variants/standard" -I"/work/opensource/personal/microcontroller/arduino/driver/device/Device" -I"/work/opensource/personal/microcontroller/arduino/driver/device/RegisterBasedWiredDevice" -I"/work/opensource/personal/microcontroller/arduino/driver/device/EepromBasedWiredDevice" -I"/work/opensource/personal/microcontroller/arduino/driver/device/WiredDevice" -I"/work/opensource/personal/microcontroller/arduino/core/ArduinoCore/libraries/Wire" -Wall -Os -fpack-struct -fshort-enums -ffunction-sections -fdata-sections -funsigned-char -funsigned-bitfields -fno-exceptions -mmcu=atmega328p -DF_CPU=16000000UL -MMD -MP -MF"WiredDevice/WiredDevice.d" -MT"WiredDevice/WiredDevice.d" -c -o "WiredDevice/WiredDevice.o" "../WiredDevice/WiredDevice.cpp"
Finished building: ../WiredDevice/WiredDevice.cpp
 
Building file: ../RegisterBasedWiredDevice/RegisterBasedWiredDevice.cpp
Invoking: AVR C++ Compiler
avr-g++ -std=c++11 -I"/work/opensource/personal/microcontroller/arduino/core/ArduinoCore" -I"/work/opensource/personal/microcontroller/arduino/core/ArduinoCore/variants/standard" -I"/work/opensource/personal/microcontroller/arduino/driver/device/Device" -I"/work/opensource/personal/microcontroller/arduino/driver/device/RegisterBasedWiredDevice" -I"/work/opensource/personal/microcontroller/arduino/driver/device/EepromBasedWiredDevice" -I"/work/opensource/personal/microcontroller/arduino/driver/device/WiredDevice" -I"/work/opensource/personal/microcontroller/arduino/core/ArduinoCore/libraries/Wire" -Wall -Os -fpack-struct -fshort-enums -ffunction-sections -fdata-sections -funsigned-char -funsigned-bitfields -fno-exceptions -mmcu=atmega328p -DF_CPU=16000000UL -MMD -MP -MF"RegisterBasedWiredDevice/RegisterBasedWiredDevice.d" -MT"RegisterBasedWiredDevice/RegisterBasedWiredDevice.d" -c -o "RegisterBasedWiredDevice/RegisterBasedWiredDevice.o" "../RegisterBasedWiredDevice/RegisterBasedWiredDevice.cpp"
Finished building: ../RegisterBasedWiredDevice/RegisterBasedWiredDevice.cpp
 
Building file: ../EepromBasedWiredDevice/EepromBasedWiredDevice.cpp
Invoking: AVR C++ Compiler
avr-g++ -std=c++11 -I"/work/opensource/personal/microcontroller/arduino/core/ArduinoCore" -I"/work/opensource/personal/microcontroller/arduino/core/ArduinoCore/variants/standard" -I"/work/opensource/personal/microcontroller/arduino/driver/device/Device" -I"/work/opensource/personal/microcontroller/arduino/driver/device/RegisterBasedWiredDevice" -I"/work/opensource/personal/microcontroller/arduino/driver/device/EepromBasedWiredDevice" -I"/work/opensource/personal/microcontroller/arduino/driver/device/WiredDevice" -I"/work/opensource/personal/microcontroller/arduino/core/ArduinoCore/libraries/Wire" -Wall -Os -fpack-struct -fshort-enums -ffunction-sections -fdata-sections -funsigned-char -funsigned-bitfields -fno-exceptions -mmcu=atmega328p -DF_CPU=16000000UL -MMD -MP -MF"EepromBasedWiredDevice/EepromBasedWiredDevice.d" -MT"EepromBasedWiredDevice/EepromBasedWiredDevice.d" -c -o "EepromBasedWiredDevice/EepromBasedWiredDevice.o" "../EepromBasedWiredDevice/EepromBasedWiredDevice.cpp"
Finished building: ../EepromBasedWiredDevice/EepromBasedWiredDevice.cpp
 
Building file: ../Device/Device.cpp
Invoking: AVR C++ Compiler
avr-g++ -std=c++11 -I"/work/opensource/personal/microcontroller/arduino/core/ArduinoCore" -I"/work/opensource/personal/microcontroller/arduino/core/ArduinoCore/variants/standard" -I"/work/opensource/personal/microcontroller/arduino/driver/device/Device" -I"/work/opensource/personal/microcontroller/arduino/driver/device/RegisterBasedWiredDevice" -I"/work/opensource/personal/microcontroller/arduino/driver/device/EepromBasedWiredDevice" -I"/work/opensource/personal/microcontroller/arduino/driver/device/WiredDevice" -I"/work/opensource/personal/microcontroller/arduino/core/ArduinoCore/libraries/Wire" -Wall -Os -fpack-struct -fshort-enums -ffunction-sections -fdata-sections -funsigned-char -funsigned-bitfields -fno-exceptions -mmcu=atmega328p -DF_CPU=16000000UL -MMD -MP -MF"Device/Device.d" -MT"Device/Device.d" -c -o "Device/Device.o" "../Device/Device.cpp"
Finished building: ../Device/Device.cpp
 
Building target: libArduinoDevice.a
Invoking: AVR Archiver
avr-ar -r  "libArduinoDevice.a"  ./WiredDevice/WiredDevice.o  ./RegisterBasedWiredDevice/RegisterBasedWiredDevice.o  ./EepromBasedWiredDevice/EepromBasedWiredDevice.o  ./Device/Device.o  
avr-ar: creating libArduinoDevice.a
Finished building target: libArduinoDevice.a
 
Invoking: AVR Create Extended Listing
avr-objdump -h -S libArduinoDevice.a  >"libArduinoDevice.lss"
Finished building: libArduinoDevice.lss
 
Invoking: Print Size
avr-size --format=avr --mcu=atmega328p libArduinoDevice.a
AVR Memory Usage
----------------
Device: atmega328p

Program:       0 bytes (0.0% Full)
(.text + .data + .bootloader)

Data:          0 bytes (0.0% Full)
(.data + .bss + .noinit)


AVR Memory Usage
----------------
Device: atmega328p

Program:       0 bytes (0.0% Full)
(.text + .data + .bootloader)

Data:          0 bytes (0.0% Full)
(.data + .bss + .noinit)


AVR Memory Usage
----------------
Device: atmega328p

Program:       0 bytes (0.0% Full)
(.text + .data + .bootloader)

Data:          0 bytes (0.0% Full)
(.data + .bss + .noinit)


AVR Memory Usage
----------------
Device: atmega328p

Program:       0 bytes (0.0% Full)
(.text + .data + .bootloader)

Data:          0 bytes (0.0% Full)
(.data + .bss + .noinit)


Finished building: sizedummy
 

18:02:27 Build Finished (took 102ms)

