17:16:52 **** Incremental Build of configuration Release for project ArduinoDistanceSensor ****
make all 
Building file: ../UltrasoundDistanceSensor/UltrasoundDistanceSensor.cpp
Invoking: AVR C++ Compiler
avr-g++ -I"/work/opensource/personal/microcontroller/arduino/core/ArduinoCore" -I"/work/opensource/personal/microcontroller/arduino/core/ArduinoCore/variants/standard" -I"/work/opensource/personal/microcontroller/arduino/driver/sensor/distance/DistanceSensor" -I"/work/opensource/personal/microcontroller/arduino/driver/sensor/distance/UltrasoundDistanceSensor" -Wall -Os -fpack-struct -fshort-enums -ffunction-sections -fdata-sections -funsigned-char -funsigned-bitfields -fno-exceptions -mmcu=atmega328p -DF_CPU=16000000UL -MMD -MP -MF"UltrasoundDistanceSensor/UltrasoundDistanceSensor.d" -MT"UltrasoundDistanceSensor/UltrasoundDistanceSensor.d" -c -o "UltrasoundDistanceSensor/UltrasoundDistanceSensor.o" "../UltrasoundDistanceSensor/UltrasoundDistanceSensor.cpp"
Finished building: ../UltrasoundDistanceSensor/UltrasoundDistanceSensor.cpp
 
Building file: ../DistanceSensor/DistanceSensor.cpp
Invoking: AVR C++ Compiler
avr-g++ -I"/work/opensource/personal/microcontroller/arduino/core/ArduinoCore" -I"/work/opensource/personal/microcontroller/arduino/core/ArduinoCore/variants/standard" -I"/work/opensource/personal/microcontroller/arduino/driver/sensor/distance/DistanceSensor" -I"/work/opensource/personal/microcontroller/arduino/driver/sensor/distance/UltrasoundDistanceSensor" -Wall -Os -fpack-struct -fshort-enums -ffunction-sections -fdata-sections -funsigned-char -funsigned-bitfields -fno-exceptions -mmcu=atmega328p -DF_CPU=16000000UL -MMD -MP -MF"DistanceSensor/DistanceSensor.d" -MT"DistanceSensor/DistanceSensor.d" -c -o "DistanceSensor/DistanceSensor.o" "../DistanceSensor/DistanceSensor.cpp"
Finished building: ../DistanceSensor/DistanceSensor.cpp
 
Building file: ../Sensor.cpp
Invoking: AVR C++ Compiler
avr-g++ -I"/work/opensource/personal/microcontroller/arduino/core/ArduinoCore" -I"/work/opensource/personal/microcontroller/arduino/core/ArduinoCore/variants/standard" -I"/work/opensource/personal/microcontroller/arduino/driver/sensor/distance/DistanceSensor" -I"/work/opensource/personal/microcontroller/arduino/driver/sensor/distance/UltrasoundDistanceSensor" -Wall -Os -fpack-struct -fshort-enums -ffunction-sections -fdata-sections -funsigned-char -funsigned-bitfields -fno-exceptions -mmcu=atmega328p -DF_CPU=16000000UL -MMD -MP -MF"Sensor.d" -MT"Sensor.d" -c -o "Sensor.o" "../Sensor.cpp"
Finished building: ../Sensor.cpp
 
Building file: ../StateMachine.cpp
Invoking: AVR C++ Compiler
avr-g++ -I"/work/opensource/personal/microcontroller/arduino/core/ArduinoCore" -I"/work/opensource/personal/microcontroller/arduino/core/ArduinoCore/variants/standard" -I"/work/opensource/personal/microcontroller/arduino/driver/sensor/distance/DistanceSensor" -I"/work/opensource/personal/microcontroller/arduino/driver/sensor/distance/UltrasoundDistanceSensor" -Wall -Os -fpack-struct -fshort-enums -ffunction-sections -fdata-sections -funsigned-char -funsigned-bitfields -fno-exceptions -mmcu=atmega328p -DF_CPU=16000000UL -MMD -MP -MF"StateMachine.d" -MT"StateMachine.d" -c -o "StateMachine.o" "../StateMachine.cpp"
In file included from ../StateMachine.cpp:1:0:
../StateMachine.h:14:37: fatal error: StateTransitionNotifier.h: No such file or directory
 #include <StateTransitionNotifier.h>
                                     ^
compilation terminated.
subdir.mk:30: recipe for target 'StateMachine.o' failed
make: *** [StateMachine.o] Error 1

17:16:52 Build Finished (took 101ms)

