00:24:43 **** Build of configuration Debug for project ArduinoDistanceDriver ****
make all 
Building file: ../UltrasoundDistanceSensor/UltrasoundDistanceSensor.cpp
Invoking: AVR C++ Compiler
avr-g++ -I"/work/opensource/personal/microcontroller/arduino/driver/sensor/distance/DistanceSensor" -I"/work/opensource/personal/microcontroller/arduino/core/ArduinoCore" -I"/work/opensource/personal/microcontroller/arduino/core/ArduinoCore/variants/standard" -I"/work/opensource/personal/microcontroller/arduino/driver/sensor/distance/UltrasoundDistanceSensor" -Wall -g2 -gstabs -O0 -fpack-struct -fshort-enums -ffunction-sections -fdata-sections -funsigned-char -funsigned-bitfields -fno-exceptions -mmcu=atmega328p -DF_CPU=16000000UL -MMD -MP -MF"UltrasoundDistanceSensor/UltrasoundDistanceSensor.d" -MT"UltrasoundDistanceSensor/UltrasoundDistanceSensor.d" -c -o "UltrasoundDistanceSensor/UltrasoundDistanceSensor.o" "../UltrasoundDistanceSensor/UltrasoundDistanceSensor.cpp"
In file included from /work/opensource/personal/microcontroller/arduino/core/ArduinoCore/USBAPI.h:27:0,
                 from /work/opensource/personal/microcontroller/arduino/core/ArduinoCore/Arduino.h:225,
                 from /work/opensource/personal/microcontroller/arduino/driver/sensor/distance/UltrasoundDistanceSensor/UltrasoundDistanceSensor.h:14,
                 from ../UltrasoundDistanceSensor/UltrasoundDistanceSensor.cpp:14:
/usr/lib/avr/include/util/delay.h:95:3: warning: #warning "Compiler optimizations disabled; functions from <util/delay.h> won't work as designed" [-Wcpp]
 # warning "Compiler optimizations disabled; functions from <util/delay.h> won't work as designed"
   ^
Finished building: ../UltrasoundDistanceSensor/UltrasoundDistanceSensor.cpp
 
Building file: ../DistanceSensor/DistanceSensor.cpp
Invoking: AVR C++ Compiler
avr-g++ -I"/work/opensource/personal/microcontroller/arduino/driver/sensor/distance/DistanceSensor" -I"/work/opensource/personal/microcontroller/arduino/core/ArduinoCore" -I"/work/opensource/personal/microcontroller/arduino/core/ArduinoCore/variants/standard" -I"/work/opensource/personal/microcontroller/arduino/driver/sensor/distance/UltrasoundDistanceSensor" -Wall -g2 -gstabs -O0 -fpack-struct -fshort-enums -ffunction-sections -fdata-sections -funsigned-char -funsigned-bitfields -fno-exceptions -mmcu=atmega328p -DF_CPU=16000000UL -MMD -MP -MF"DistanceSensor/DistanceSensor.d" -MT"DistanceSensor/DistanceSensor.d" -c -o "DistanceSensor/DistanceSensor.o" "../DistanceSensor/DistanceSensor.cpp"
Finished building: ../DistanceSensor/DistanceSensor.cpp
 
Building target: libArduinoDistanceDriver.a
Invoking: AVR Archiver
avr-ar -r  "libArduinoDistanceDriver.a"  ./UltrasoundDistanceSensor/UltrasoundDistanceSensor.o  ./DistanceSensor/DistanceSensor.o  
avr-ar: creating libArduinoDistanceDriver.a
Finished building target: libArduinoDistanceDriver.a
 
Invoking: AVR Create Extended Listing
avr-objdump -h -S libArduinoDistanceDriver.a  >"libArduinoDistanceDriver.lss"
Finished building: libArduinoDistanceDriver.lss
 
Invoking: Print Size
avr-size --format=avr --mcu=atmega328p libArduinoDistanceDriver.a
AVR Memory Usage
----------------
Device: atmega328p

Program:       0 bytes (0.0% Full)
(.text + .data + .bootloader)

Data:          0 bytes (0.0% Full)
(.data + .bss + .noinit)


AVR Memory Usage
----------------
Device: atmega328p

Program:       0 bytes (0.0% Full)
(.text + .data + .bootloader)

Data:          0 bytes (0.0% Full)
(.data + .bss + .noinit)


Finished building: sizedummy
 
