18:03:55 **** Build of configuration Release for project SimpleArdionoSketch ****
make all 
Building file: ../main.cpp
Invoking: AVR C++ Compiler
avr-g++ -I"/work/opensource/personal/microcontroller/arduino/core/ArduinoCore" -I"/work/opensource/personal/microcontroller/arduino/core/ArduinoCore/variants/standard" -I"/work/opensource/personal/microcontroller/arduino/driver/sensor/pressure/ArduinoBarometer/Barometer" -I"/work/opensource/personal/microcontroller/arduino/driver/sensor/pressure/ArduinoBarometer/BMP085Barometer" -I"/work/opensource/personal/microcontroller/arduino/driver/device/EepromBasedWiredDevice" -I"/work/opensource/personal/microcontroller/arduino/driver/device/RegisterBasedWiredDevice" -I"/work/opensource/personal/microcontroller/arduino/driver/device/WiredDevice" -Wall -Os -fpack-struct -fshort-enums -ffunction-sections -fdata-sections -funsigned-char -funsigned-bitfields -fno-exceptions -mmcu=atmega328p -DF_CPU=16000000UL -MMD -MP -MF"main.d" -MT"main.d" -c -o "main.o" "../main.cpp"
Finished building: ../main.cpp
 
Building target: SimpleArdionoSketch.elf
Invoking: AVR C++ Linker
avr-g++ -Wl,-Map,SimpleArdionoSketch.map,--cref -mrelax -Wl,--gc-sections -L"/work/opensource/personal/microcontroller/arduino/core/ArduinoCore/Release" -L"/work/opensource/personal/microcontroller/arduino/driver/device/Release" -L"/work/opensource/personal/microcontroller/arduino/driver/sensor/pressure/ArduinoBarometer/Release" -mmcu=atmega328p -o "SimpleArdionoSketch.elf"  ./main.o  /work/opensource/personal/microcontroller/arduino/core/ArduinoCore/Release/libraries/Wire/Wire.o /work/opensource/personal/microcontroller/arduino/driver/device/Release/EepromBasedWiredDevice/EepromBasedWiredDevice.o -lArduinoCore -lArduinoDevice -lArduinoBarometer
Finished building target: SimpleArdionoSketch.elf
 
Invoking: AVR Create Extended Listing
avr-objdump -h -S SimpleArdionoSketch.elf  >"SimpleArdionoSketch.lss"
Finished building: SimpleArdionoSketch.lss
 
Create Flash image (ihex format)
avr-objcopy -R .eeprom -R .fuse -R .lock -R .signature -O ihex SimpleArdionoSketch.elf  "SimpleArdionoSketch.hex"
Finished building: SimpleArdionoSketch.hex
 
Create eeprom image (ihex format)
avr-objcopy -j .eeprom --no-change-warnings --change-section-lma .eeprom=0 -O ihex SimpleArdionoSketch.elf  "SimpleArdionoSketch.eep"
Finished building: SimpleArdionoSketch.eep
 
Invoking: Print Size
avr-size --format=avr --mcu=atmega328p SimpleArdionoSketch.elf
AVR Memory Usage
----------------
Device: atmega328p

Program:    8374 bytes (25.6% Full)
(.text + .data + .bootloader)

Data:        534 bytes (26.1% Full)
(.data + .bss + .noinit)


Finished building: sizedummy
 

18:03:55 Build Finished (took 101ms)

